TN:
SF:/Users/andeladeveloper/Desktop/Projects/CheckpointOne/inverted-index/dist/js/inverted-index.js
FN:7,generateIndex
FN:40,search
FN:58,isValid
FN:75,searchAll
FN:91,(anonymous_5)
FNF:5
FNH:5
FNDA:10,generateIndex
FNDA:3,search
FNDA:15,isValid
FNDA:1,searchAll
FNDA:17,(anonymous_5)
DA:7,1
DA:8,10
DA:9,8
DA:10,5
DA:11,4
DA:12,4
DA:13,8
DA:14,8
DA:15,68
DA:16,24
DA:17,24
DA:18,12
DA:19,12
DA:22,44
DA:25,8
DA:29,4
DA:30,4
DA:40,1
DA:41,3
DA:42,3
DA:43,3
DA:44,3
DA:45,10
DA:46,10
DA:49,3
DA:58,1
DA:59,15
DA:60,13
DA:61,11
DA:62,16
DA:65,10
DA:75,1
DA:76,1
DA:77,1
DA:78,2
DA:80,1
DA:92,17
DA:94,17
DA:96,17
DA:97,17
DA:98,17
DA:99,17
DA:100,17
LF:43
LH:43
BRDA:8,1,0,2
BRDA:8,1,1,8
BRDA:8,2,0,10
BRDA:8,2,1,9
BRDA:9,3,0,3
BRDA:9,3,1,5
BRDA:10,4,0,1
BRDA:10,4,1,4
BRDA:15,5,0,24
BRDA:15,5,1,44
BRDA:17,6,0,12
BRDA:17,6,1,12
BRDA:45,7,0,10
BRDA:45,7,1,0
BRDA:59,8,0,2
BRDA:59,8,1,13
BRDA:60,9,0,2
BRDA:60,9,1,11
BRDA:61,10,0,1
BRDA:61,10,1,10
BRDA:62,11,0,6
BRDA:62,11,1,10
BRDA:63,12,0,16
BRDA:63,12,1,13
BRDA:64,13,0,10
BRDA:64,13,1,10
BRF:26
BRH:25
end_of_record
