TN:
SF:/Users/andeladeveloper/Projects/checkpoints/inverted-index/dist/build/inverted-index.spec.js
FN:1,(anonymous_1)
FN:6,__webpack_require__
FN:45,(anonymous_3)
FN:239,(anonymous_4)
FN:252,(anonymous_5)
FN:265,(anonymous_6)
FN:296,(anonymous_7)
FN:320,(anonymous_8)
FN:336,(anonymous_9)
FN:344,(anonymous_10)
FN:357,(anonymous_11)
FN:366,(anonymous_12)
FN:382,(anonymous_13)
FN:403,(anonymous_14)
FN:412,(anonymous_15)
FN:425,(anonymous_16)
FNF:16
FNH:16
FNDA:1,(anonymous_1)
FNDA:5,__webpack_require__
FNDA:1,(anonymous_3)
FNDA:1,(anonymous_4)
FNDA:1,(anonymous_5)
FNDA:9,(anonymous_6)
FNDA:6,(anonymous_7)
FNDA:2,(anonymous_8)
FNDA:1,(anonymous_9)
FNDA:5,(anonymous_10)
FNDA:1,(anonymous_11)
FNDA:7,(anonymous_12)
FNDA:18,(anonymous_13)
FNDA:2,(anonymous_14)
FNDA:13,(anonymous_15)
FNDA:1,(anonymous_16)
DA:1,1
DA:3,1
DA:6,1
DA:9,5
DA:10,1
DA:13,4
DA:20,4
DA:23,4
DA:26,4
DA:31,1
DA:34,1
DA:37,1
DA:40,1
DA:47,1
DA:48,1
DA:49,1
DA:51,1
DA:53,1
DA:54,1
DA:56,1
DA:57,1
DA:62,1
DA:63,1
DA:65,1
DA:70,1
DA:71,1
DA:73,1
DA:77,1
DA:78,1
DA:80,1
DA:84,1
DA:86,1
DA:91,1
DA:92,1
DA:94,1
DA:98,1
DA:100,1
DA:105,1
DA:107,1
DA:111,1
DA:113,1
DA:115,1
DA:118,1
DA:120,1
DA:123,1
DA:125,1
DA:128,1
DA:130,1
DA:133,1
DA:135,1
DA:136,1
DA:137,1
DA:140,1
DA:142,1
DA:145,1
DA:147,1
DA:155,1
DA:157,1
DA:159,1
DA:164,1
DA:166,1
DA:169,1
DA:171,1
DA:174,1
DA:176,1
DA:177,1
DA:178,1
DA:182,1
DA:184,1
DA:187,1
DA:193,1
DA:194,1
DA:196,1
DA:201,1
DA:203,1
DA:205,1
DA:209,1
DA:211,1
DA:217,1
DA:219,1
DA:221,1
DA:223,1
DA:228,1
DA:230,1
DA:241,1
DA:253,1
DA:254,1
DA:255,1
DA:266,9
DA:267,7
DA:269,2
DA:270,2
DA:271,4
DA:272,4
DA:273,29
DA:274,6
DA:275,6
DA:276,3
DA:277,3
DA:279,23
DA:280,23
DA:285,2
DA:286,2
DA:297,6
DA:298,6
DA:299,6
DA:300,6
DA:301,41
DA:302,19
DA:303,22
DA:304,22
DA:307,6
DA:321,2
DA:322,2
DA:323,4
DA:325,2
DA:329,1
DA:331,1
DA:338,1
DA:345,5
DA:346,5
DA:347,53
DA:349,5
DA:358,2
DA:367,7
DA:368,7
DA:369,7
DA:370,43
DA:371,25
DA:374,7
DA:383,18
DA:384,10
DA:386,8
DA:387,12
DA:388,6
DA:389,6
DA:391,6
DA:394,8
DA:404,2
DA:413,13
DA:414,1
DA:416,12
DA:420,1
DA:431,1
DA:575,1
LF:145
LH:145
BRDA:9,1,0,1
BRDA:9,1,1,4
BRDA:266,2,0,7
BRDA:266,2,1,2
BRDA:273,3,0,6
BRDA:273,3,1,23
BRDA:275,4,0,3
BRDA:275,4,1,3
BRDA:279,5,0,23
BRDA:279,5,1,0
BRDA:301,6,0,19
BRDA:301,6,1,22
BRDA:301,7,0,41
BRDA:301,7,1,19
BRDA:303,8,0,22
BRDA:303,8,1,0
BRDA:303,9,0,22
BRDA:303,9,1,22
BRDA:307,10,0,2
BRDA:307,10,1,4
BRDA:370,11,0,25
BRDA:370,11,1,18
BRDA:383,12,0,10
BRDA:383,12,1,8
BRDA:383,13,0,18
BRDA:383,13,1,11
BRDA:383,13,2,9
BRDA:387,14,0,6
BRDA:387,14,1,6
BRDA:387,15,0,12
BRDA:387,15,1,9
BRDA:389,16,0,6
BRDA:389,16,1,0
BRDA:389,17,0,6
BRDA:389,17,1,6
BRDA:413,18,0,1
BRDA:413,18,1,12
BRF:37
BRH:34
end_of_record
