TN:
SF:/Users/andeladeveloper/Projects/checkpoints/inverted-index/dist/build/inverted-index.spec.js
FN:1,(anonymous_1)
FN:6,__webpack_require__
FN:45,(anonymous_3)
FN:217,(anonymous_4)
FN:230,(anonymous_5)
FN:243,(anonymous_6)
FN:274,(anonymous_7)
FN:298,(anonymous_8)
FN:314,(anonymous_9)
FN:322,(anonymous_10)
FN:335,(anonymous_11)
FN:344,(anonymous_12)
FN:360,(anonymous_13)
FN:381,(anonymous_14)
FN:390,(anonymous_15)
FN:403,(anonymous_16)
FNF:16
FNH:16
FNDA:1,(anonymous_1)
FNDA:5,__webpack_require__
FNDA:1,(anonymous_3)
FNDA:1,(anonymous_4)
FNDA:1,(anonymous_5)
FNDA:9,(anonymous_6)
FNDA:7,(anonymous_7)
FNDA:2,(anonymous_8)
FNDA:1,(anonymous_9)
FNDA:5,(anonymous_10)
FNDA:1,(anonymous_11)
FNDA:8,(anonymous_12)
FNDA:18,(anonymous_13)
FNDA:2,(anonymous_14)
FNDA:13,(anonymous_15)
FNDA:1,(anonymous_16)
DA:1,1
DA:3,1
DA:6,1
DA:9,5
DA:10,1
DA:13,4
DA:20,4
DA:23,4
DA:26,4
DA:31,1
DA:34,1
DA:37,1
DA:40,1
DA:47,1
DA:48,1
DA:49,1
DA:51,1
DA:53,1
DA:54,1
DA:56,1
DA:57,1
DA:61,1
DA:63,1
DA:67,1
DA:69,1
DA:72,1
DA:74,1
DA:77,1
DA:79,1
DA:82,1
DA:84,1
DA:87,1
DA:94,1
DA:96,1
DA:98,1
DA:101,1
DA:103,1
DA:106,1
DA:108,1
DA:111,1
DA:113,1
DA:116,1
DA:118,1
DA:119,1
DA:120,1
DA:123,1
DA:125,1
DA:127,1
DA:135,1
DA:137,1
DA:139,1
DA:144,1
DA:146,1
DA:149,1
DA:151,1
DA:152,1
DA:155,1
DA:157,1
DA:158,1
DA:159,1
DA:163,1
DA:165,1
DA:167,1
DA:173,1
DA:175,1
DA:177,1
DA:181,1
DA:183,1
DA:188,1
DA:189,1
DA:195,1
DA:197,1
DA:199,1
DA:201,1
DA:206,1
DA:208,1
DA:219,1
DA:231,1
DA:232,1
DA:233,1
DA:244,9
DA:245,7
DA:247,2
DA:248,2
DA:249,4
DA:250,4
DA:251,29
DA:252,6
DA:253,6
DA:254,3
DA:255,3
DA:257,23
DA:258,23
DA:263,2
DA:264,2
DA:275,7
DA:276,7
DA:277,7
DA:278,7
DA:279,47
DA:280,19
DA:281,28
DA:282,28
DA:285,7
DA:299,2
DA:300,2
DA:301,4
DA:303,2
DA:307,1
DA:309,1
DA:316,1
DA:323,5
DA:324,5
DA:325,53
DA:327,5
DA:336,2
DA:345,8
DA:346,8
DA:347,8
DA:348,49
DA:349,31
DA:352,8
DA:361,18
DA:362,10
DA:364,8
DA:365,12
DA:366,6
DA:367,6
DA:369,6
DA:372,8
DA:382,2
DA:391,13
DA:392,0
DA:394,13
DA:398,1
DA:409,1
DA:553,1
LF:137
LH:136
BRDA:9,1,0,1
BRDA:9,1,1,4
BRDA:244,2,0,7
BRDA:244,2,1,2
BRDA:251,3,0,6
BRDA:251,3,1,23
BRDA:253,4,0,3
BRDA:253,4,1,3
BRDA:257,5,0,23
BRDA:257,5,1,0
BRDA:279,6,0,19
BRDA:279,6,1,28
BRDA:279,7,0,47
BRDA:279,7,1,19
BRDA:281,8,0,28
BRDA:281,8,1,0
BRDA:281,9,0,28
BRDA:281,9,1,28
BRDA:285,10,0,3
BRDA:285,10,1,4
BRDA:348,11,0,31
BRDA:348,11,1,18
BRDA:361,12,0,10
BRDA:361,12,1,8
BRDA:361,13,0,18
BRDA:361,13,1,11
BRDA:361,13,2,9
BRDA:365,14,0,6
BRDA:365,14,1,6
BRDA:365,15,0,12
BRDA:365,15,1,9
BRDA:367,16,0,6
BRDA:367,16,1,0
BRDA:367,17,0,6
BRDA:367,17,1,6
BRDA:391,18,0,0
BRDA:391,18,1,13
BRF:37
BRH:33
end_of_record
