TN:
SF:C:\Users\Abdulrasheed\project\checkpoint\inverted-index\dist\js\inverted-index.js
FN:6,generateIndex
FN:37,search
FN:55,isValid
FN:72,searchAll
FN:88,(anonymous_5)
FNF:5
FNH:5
FNDA:10,generateIndex
FNDA:3,search
FNDA:15,isValid
FNDA:1,searchAll
FNDA:17,(anonymous_5)
DA:6,1
DA:7,10
DA:8,8
DA:9,5
DA:10,4
DA:11,4
DA:12,8
DA:13,8
DA:14,68
DA:15,24
DA:16,24
DA:17,12
DA:18,12
DA:21,44
DA:24,8
DA:26,4
DA:27,4
DA:37,1
DA:38,3
DA:39,3
DA:40,3
DA:41,3
DA:42,10
DA:43,10
DA:46,3
DA:55,1
DA:56,15
DA:57,13
DA:58,11
DA:59,16
DA:62,10
DA:72,1
DA:73,1
DA:74,1
DA:75,2
DA:77,1
DA:89,17
DA:90,17
DA:91,17
DA:92,17
DA:93,17
DA:94,17
DA:95,17
LF:43
LH:43
BRDA:7,1,0,2
BRDA:7,1,1,8
BRDA:7,2,0,10
BRDA:7,2,1,9
BRDA:8,3,0,3
BRDA:8,3,1,5
BRDA:9,4,0,1
BRDA:9,4,1,4
BRDA:14,5,0,24
BRDA:14,5,1,44
BRDA:16,6,0,12
BRDA:16,6,1,12
BRDA:42,7,0,10
BRDA:42,7,1,0
BRDA:56,8,0,2
BRDA:56,8,1,13
BRDA:57,9,0,2
BRDA:57,9,1,11
BRDA:58,10,0,1
BRDA:58,10,1,10
BRDA:59,11,0,6
BRDA:59,11,1,10
BRDA:60,12,0,16
BRDA:60,12,1,13
BRDA:61,13,0,10
BRDA:61,13,1,10
BRF:26
BRH:25
end_of_record
