TN:
SF:C:\Users\Abdulrasheed\project\checkpoint\inverted-index\dist\js\inverted-index.js
FN:7,generateIndex
FN:35,search
FN:56,isValid
FN:75,(anonymous_4)
FNF:4
FNH:4
FNDA:4,generateIndex
FNDA:3,search
FNDA:10,isValid
FNDA:28,(anonymous_4)
DA:7,1
DA:8,4
DA:9,4
DA:10,8
DA:11,8
DA:12,68
DA:13,24
DA:14,24
DA:15,12
DA:16,12
DA:19,44
DA:22,8
DA:24,4
DA:25,4
DA:35,1
DA:36,3
DA:37,3
DA:38,3
DA:39,3
DA:40,3
DA:41,14
DA:42,10
DA:44,14
DA:46,3
DA:47,3
DA:56,1
DA:57,10
DA:58,8
DA:59,6
DA:60,7
DA:63,5
DA:76,28
DA:77,28
DA:78,28
DA:79,28
DA:80,28
DA:81,28
DA:82,28
DA:83,1
DA:84,1
DA:85,2
DA:87,1
DA:88,1
LF:43
LH:43
BRDA:12,1,0,24
BRDA:12,1,1,44
BRDA:14,2,0,12
BRDA:14,2,1,12
BRDA:41,3,0,10
BRDA:41,3,1,4
BRDA:57,4,0,2
BRDA:57,4,1,8
BRDA:58,5,0,2
BRDA:58,5,1,6
BRDA:59,6,0,1
BRDA:59,6,1,5
BRDA:60,7,0,5
BRDA:60,7,1,2
BRDA:61,8,0,7
BRDA:61,8,1,4
BRDA:62,9,0,2
BRDA:62,9,1,2
BRF:18
BRH:18
end_of_record
